build/app/outputs/mapping/release/mapping.txt
# compiler: R8
# compiler_version: 1.5.64
# min_api: 16
# pg_map_id: 3cb5937
ecuador.policianacional.dntic.siipnemovil2.MainActivity -> ecuador.policianacional.dntic.siipnemovil2.MainActivity:
    void configureFlutterEngine(io.flutter.embedding.engine.FlutterEngine) -> b
...
androidx.appcompat.graphics.drawable.AnimatedStateListDrawableCompat$Transition -> a.a.l.a.a$g:
    boolean canReverse() -> a
    void reverse() -> b
    void start() -> c
    void stop() -> d
androidx.appcompat.graphics.drawable.DrawableContainer -> a.a.l.a.b:
    androidx.appcompat.graphics.drawable.DrawableContainer$DrawableContainerState mDrawableContainerState -> b
    android.graphics.drawable.Drawable mCurrDrawable -> d
    android.graphics.drawable.Drawable mLastDrawable -> e
    long mExitAnimationEnd -> l
    long mEnterAnimationEnd -> k
    boolean mMutated -> i
    int mCurIndex -> h
    int mAlpha -> f
    boolean mHasAlpha -> g
    java.lang.Runnable mAnimationRunnable -> j
    android.graphics.Rect mHotspotBounds -> c
    androidx.appcompat.graphics.drawable.DrawableContainer$BlockInvalidateCallback mBlockInvalidateCallback -> m
    void animate(boolean) -> a
    androidx.appcompat.graphics.drawable.DrawableContainer$DrawableContainerState cloneConstantState() -> a
    void initializeDrawableForDisplay(android.graphics.drawable.Drawable) -> a
    int resolveDensity(android.content.res.Resources,int) -> a
    boolean selectDrawable(int) -> a
    void setConstantState(androidx.appcompat.graphics.drawable.DrawableContainer$DrawableContainerState) -> a
    void updateDensity(android.content.res.Resources) -> a
    int getCurrentIndex() -> b
    boolean needsMirroring() -> c
androidx.appcompat.graphics.drawable.DrawableContainer$1 -> a.a.l.a.b$a:
    androidx.appcompat.graphics.drawable.DrawableContainer this$0 -> b
androidx.appcompat.graphics.drawable.DrawableContainer$BlockInvalidateCallback -> a.a.l.a.b$b:
    android.graphics.drawable.Drawable$Callback mCallback -> b
    android.graphics.drawable.Drawable$Callback unwrap() -> a
    androidx.appcompat.graphics.drawable.DrawableContainer$BlockInvalidateCallback wrap(android.graphics.drawable.Drawable$Callback) -> a
androidx.appcompat.graphics.drawable.DrawableContainer$DrawableContainerState -> a.a.l.a.b$c:
    boolean mCheckedConstantSize -> m
    int mConstantWidth -> n
    boolean mVariablePadding -> i
    int mNumChildren -> h
    boolean mStateful -> u
    int mChangingConfigurations -> d
    boolean mCanConstantState -> w
    int mEnterFadeDuration -> A
    androidx.appcompat.graphics.drawable.DrawableContainer mOwner -> a
    boolean mMutated -> y
    android.content.res.ColorStateList mTintList -> F
    boolean mHasColorFilter -> E
    android.util.SparseArray mDrawableFutures -> f
    android.content.res.Resources mSourceRes -> b
    int mOpacity -> s
    boolean mAutoMirrored -> C
    int mConstantMinimumHeight -> q
    int mConstantHeight -> o
    android.graphics.ColorFilter mColorFilter -> D
    boolean mHasTintMode -> I
    boolean mCheckedPadding -> j
    boolean mConstantSize -> l
    boolean mCheckedConstantState -> v
    int mChildrenChangingConfigurations -> e
    android.graphics.drawable.Drawable[] mDrawables -> g
    boolean mDither -> x
    int mExitFadeDuration -> B
    int mDensity -> c
    boolean mCheckedOpacity -> r
    boolean mCheckedStateful -> t
    android.graphics.Rect mConstantPadding -> k
    int mLayoutDirection -> z
    android.graphics.PorterDuff$Mode mTintMode -> G
    boolean mHasTintList -> H
    int mConstantMinimumWidth -> p
    int addChild(android.graphics.drawable.Drawable) -> a
    void applyTheme(android.content.res.Resources$Theme) -> a
androidx.appcompat.graphics.drawable.DrawableWrapper -> a.a.l.a.c:
    android.graphics.drawable.Drawable mDrawable -> b
    android.graphics.drawable.Drawable getWrappedDrawable() -> a
    void setWrappedDrawable(android.graphics.drawable.Drawable) -> a